{"F:\\Важно\\Нетология\\ДЗ\\Unit_Test\\src\\js\\hero.js": {"path":"F:\\Важно\\Нетология\\ДЗ\\Unit_Test\\src\\js\\hero.js","statementMap":{"0":{"start":{"line":2,"column":4},"end":{"line":8,"column":5}},"1":{"start":{"line":3,"column":8},"end":{"line":3,"column":25}},"2":{"start":{"line":4,"column":11},"end":{"line":8,"column":5}},"3":{"start":{"line":5,"column":8},"end":{"line":5,"column":24}},"4":{"start":{"line":7,"column":8},"end":{"line":7,"column":24}}},"fnMap":{"0":{"name":"Character","decl":{"start":{"line":1,"column":24},"end":{"line":1,"column":33}},"loc":{"start":{"line":1,"column":51},"end":{"line":9,"column":1}},"line":1}},"branchMap":{"0":{"loc":{"start":{"line":2,"column":4},"end":{"line":8,"column":5}},"type":"if","locations":[{"start":{"line":2,"column":4},"end":{"line":8,"column":5}},{"start":{"line":4,"column":11},"end":{"line":8,"column":5}}],"line":2},"1":{"loc":{"start":{"line":4,"column":11},"end":{"line":8,"column":5}},"type":"if","locations":[{"start":{"line":4,"column":11},"end":{"line":8,"column":5}},{"start":{"line":6,"column":11},"end":{"line":8,"column":5}}],"line":4},"2":{"loc":{"start":{"line":4,"column":15},"end":{"line":4,"column":73}},"type":"binary-expr","locations":[{"start":{"line":4,"column":15},"end":{"line":4,"column":42}},{"start":{"line":4,"column":46},"end":{"line":4,"column":73}}],"line":4}},"s":{"0":8,"1":2,"2":6,"3":3,"4":3},"f":{"0":8},"b":{"0":[2,6],"1":[3,3],"2":[6,6]},"_coverageSchema":"1a1c01bbd47fc00a2c39e90264f33305004495a9","hash":"4f0c6fa528bc779a0f181cbaefd16acfec626cc6"}
}
